# JRE version: Java(TM) SE Runtime Environment (8.0_201-b09) (build 1.8.0_201-b09)
# Java VM: Java HotSpot(TM) 64-Bit Server VM (25.201-b09 mixed mode windows-amd64 compressed oops)
Heap:
 PSYoungGen      total 153600K, used 14125K [0x00000000f5580000, 0x00000000fff00000, 0x0000000100000000)
  eden space 134656K, 4% used [0x00000000f5580000,0x00000000f5bfb700,0x00000000fd900000)
  from space 18944K, 39% used [0x00000000fec80000,0x00000000ff3d0000,0x00000000fff00000)
  to   space 19456K, 0% used [0x00000000fd900000,0x00000000fd900000,0x00000000fec00000)
 ParOldGen       total 175104K, used 50460K [0x00000000e0000000, 0x00000000eab00000, 0x00000000f5580000)
  object space 175104K, 28% used [0x00000000e0000000,0x00000000e3147148,0x00000000eab00000)
 Metaspace       used 48332K, capacity 50092K, committed 50304K, reserved 1091584K
  class space    used 6769K, capacity 7209K, committed 7296K, reserved 1048576K
GC Heap History (10 events):
Event: 11.158 GC heap before
{Heap before GC invocations=10 (full 2):
 PSYoungGen      total 118784K, used 113639K [0x00000000f5580000, 0x00000000fff80000, 0x0000000100000000)
  eden space 105472K, 100% used [0x00000000f5580000,0x00000000fbc80000,0x00000000fbc80000)
  from space 13312K, 61% used [0x00000000fbc80000,0x00000000fc479f30,0x00000000fc980000)
  to   space 12800K, 0% used [0x00000000ff300000,0x00000000ff300000,0x00000000fff80000)
 ParOldGen       total 175104K, used 17317K [0x00000000e0000000, 0x00000000eab00000, 0x00000000f5580000)
  object space 175104K, 9% used [0x00000000e0000000,0x00000000e10e95e8,0x00000000eab00000)
 Metaspace       used 41671K, capacity 42740K, committed 42880K, reserved 1085440K
  class space    used 5931K, capacity 6176K, committed 6272K, reserved 1048576K
Event: 11.179 GC heap after
Heap after GC invocations=10 (full 2):
 PSYoungGen      total 159744K, used 11838K [0x00000000f5580000, 0x0000000100000000, 0x0000000100000000)
  eden space 146944K, 0% used [0x00000000f5580000,0x00000000f5580000,0x00000000fe500000)
  from space 12800K, 92% used [0x00000000ff300000,0x00000000ffe8fbb0,0x00000000fff80000)
  to   space 13824K, 0% used [0x00000000fe500000,0x00000000fe500000,0x00000000ff280000)
 ParOldGen       total 175104K, used 17325K [0x00000000e0000000, 0x00000000eab00000, 0x00000000f5580000)
  object space 175104K, 9% used [0x00000000e0000000,0x00000000e10eb5e8,0x00000000eab00000)
 Metaspace       used 41671K, capacity 42740K, committed 42880K, reserved 1085440K
  class space    used 5931K, capacity 6176K, committed 6272K, reserved 1048576K
}
Event: 12.498 GC heap before
{Heap before GC invocations=11 (full 2):
 PSYoungGen      total 159744K, used 158782K [0x00000000f5580000, 0x0000000100000000, 0x0000000100000000)
  eden space 146944K, 100% used [0x00000000f5580000,0x00000000fe500000,0x00000000fe500000)
  from space 12800K, 92% used [0x00000000ff300000,0x00000000ffe8fbb0,0x00000000fff80000)
  to   space 13824K, 0% used [0x00000000fe500000,0x00000000fe500000,0x00000000ff280000)
 ParOldGen       total 175104K, used 17325K [0x00000000e0000000, 0x00000000eab00000, 0x00000000f5580000)
  object space 175104K, 9% used [0x00000000e0000000,0x00000000e10eb5e8,0x00000000eab00000)
 Metaspace       used 42507K, capacity 43722K, committed 43904K, reserved 1087488K
  class space    used 5962K, capacity 6255K, committed 6272K, reserved 1048576K
Event: 12.537 GC heap after
Heap after GC invocations=11 (full 2):
 PSYoungGen      total 160768K, used 13792K [0x00000000f5580000, 0x0000000100000000, 0x0000000100000000)
  eden space 146944K, 0% used [0x00000000f5580000,0x00000000f5580000,0x00000000fe500000)
  from space 13824K, 99% used [0x00000000fe500000,0x00000000ff278040,0x00000000ff280000)
  to   space 13824K, 0% used [0x00000000ff280000,0x00000000ff280000,0x0000000100000000)
 ParOldGen       total 175104K, used 19003K [0x00000000e0000000, 0x00000000eab00000, 0x00000000f5580000)
  object space 175104K, 10% used [0x00000000e0000000,0x00000000e128eed0,0x00000000eab00000)
 Metaspace       used 42507K, capacity 43722K, committed 43904K, reserved 1087488K
  class space    used 5962K, capacity 6255K, committed 6272K, reserved 1048576K
}
Event: 13.893 GC heap before
{Heap before GC invocations=12 (full 2):
 PSYoungGen      total 160768K, used 160736K [0x00000000f5580000, 0x0000000100000000, 0x0000000100000000)
  eden space 146944K, 100% used [0x00000000f5580000,0x00000000fe500000,0x00000000fe500000)
  from space 13824K, 99% used [0x00000000fe500000,0x00000000ff278040,0x00000000ff280000)
  to   space 13824K, 0% used [0x00000000ff280000,0x00000000ff280000,0x0000000100000000)
 ParOldGen       total 175104K, used 19003K [0x00000000e0000000, 0x00000000eab00000, 0x00000000f5580000)
  object space 175104K, 10% used [0x00000000e0000000,0x00000000e128eed0,0x00000000eab00000)
 Metaspace       used 44537K, capacity 45818K, committed 46080K, reserved 1089536K
  class space    used 6286K, capacity 6625K, committed 6656K, reserved 1048576K
Event: 13.937 GC heap after
Heap after GC invocations=12 (full 2):
 PSYoungGen      total 148480K, used 13824K [0x00000000f5580000, 0x0000000100000000, 0x0000000100000000)
  eden space 134656K, 0% used [0x00000000f5580000,0x00000000f5580000,0x00000000fd900000)
  from space 13824K, 100% used [0x00000000ff280000,0x0000000100000000,0x0000000100000000)
  to   space 19968K, 0% used [0x00000000fd900000,0x00000000fd900000,0x00000000fec80000)
 ParOldGen       total 175104K, used 29026K [0x00000000e0000000, 0x00000000eab00000, 0x00000000f5580000)
  object space 175104K, 16% used [0x00000000e0000000,0x00000000e1c58930,0x00000000eab00000)
 Metaspace       used 44537K, capacity 45818K, committed 46080K, reserved 1089536K
  class space    used 6286K, capacity 6625K, committed 6656K, reserved 1048576K
}
Event: 5838.866 GC heap before
{Heap before GC invocations=13 (full 2):
 PSYoungGen      total 148480K, used 148480K [0x00000000f5580000, 0x0000000100000000, 0x0000000100000000)
  eden space 134656K, 100% used [0x00000000f5580000,0x00000000fd900000,0x00000000fd900000)
  from space 13824K, 100% used [0x00000000ff280000,0x0000000100000000,0x0000000100000000)
  to   space 19968K, 0% used [0x00000000fd900000,0x00000000fd900000,0x00000000fec80000)
 ParOldGen       total 175104K, used 29026K [0x00000000e0000000, 0x00000000eab00000, 0x00000000f5580000)
  object space 175104K, 16% used [0x00000000e0000000,0x00000000e1c58930,0x00000000eab00000)
 Metaspace       used 47851K, capacity 49512K, committed 49792K, reserved 1091584K
  class space    used 6723K, capacity 7171K, committed 7296K, reserved 1048576K
Event: 5838.879 GC heap after
Heap after GC invocations=13 (full 2):
 PSYoungGen      total 154624K, used 9207K [0x00000000f5580000, 0x0000000100000000, 0x0000000100000000)
  eden space 134656K, 0% used [0x00000000f5580000,0x00000000f5580000,0x00000000fd900000)
  from space 19968K, 46% used [0x00000000fd900000,0x00000000fe1fdde8,0x00000000fec80000)
  to   space 19968K, 0% used [0x00000000fec80000,0x00000000fec80000,0x0000000100000000)
 ParOldGen       total 175104K, used 42738K [0x00000000e0000000, 0x00000000eab00000, 0x00000000f5580000)
  object space 175104K, 24% used [0x00000000e0000000,0x00000000e29bca70,0x00000000eab00000)
 Metaspace       used 47851K, capacity 49512K, committed 49792K, reserved 1091584K
  class space    used 6723K, capacity 7171K, committed 7296K, reserved 1048576K
}
Event: 5839.571 GC heap before
{Heap before GC invocations=14 (full 2):
 PSYoungGen      total 154624K, used 143863K [0x00000000f5580000, 0x0000000100000000, 0x0000000100000000)
  eden space 134656K, 100% used [0x00000000f5580000,0x00000000fd900000,0x00000000fd900000)
  from space 19968K, 46% used [0x00000000fd900000,0x00000000fe1fdde8,0x00000000fec80000)
  to   space 19968K, 0% used [0x00000000fec80000,0x00000000fec80000,0x0000000100000000)
 ParOldGen       total 175104K, used 42738K [0x00000000e0000000, 0x00000000eab00000, 0x00000000f5580000)
  object space 175104K, 24% used [0x00000000e0000000,0x00000000e29bca70,0x00000000eab00000)
 Metaspace       used 48324K, capacity 50092K, committed 50304K, reserved 1091584K
  class space    used 6769K, capacity 7209K, committed 7296K, reserved 1048576K
Event: 5839.591 GC heap after
Heap after GC invocations=14 (full 2):
 PSYoungGen      total 153600K, used 7488K [0x00000000f5580000, 0x00000000fff00000, 0x0000000100000000)
  eden space 134656K, 0% used [0x00000000f5580000,0x00000000f5580000,0x00000000fd900000)
  from space 18944K, 39% used [0x00000000fec80000,0x00000000ff3d0000,0x00000000fff00000)
  to   space 19456K, 0% used [0x00000000fd900000,0x00000000fd900000,0x00000000fec00000)
 ParOldGen       total 175104K, used 50460K [0x00000000e0000000, 0x00000000eab00000, 0x00000000f5580000)
  object space 175104K, 28% used [0x00000000e0000000,0x00000000e3147148,0x00000000eab00000)
 Metaspace       used 48324K, capacity 50092K, committed 50304K, reserved 1091584K
  class space    used 6769K, capacity 7209K, committed 7296K, reserved 1048576K
}

